2025-05-19 11:17:10.152 [main] INFO  com.cishu.weblogweb.WeblogWebApplication - Starting WeblogWebApplication using Java 1.8.0_411 on power with PID 31204 (E:\2025-code\ProjectPractice\weblog\weblog-springboot\weblog-web\target\classes started by 21930 in E:\2025-code\ProjectPractice\weblog\weblog-springboot)
2025-05-19 11:17:10.154 [main] INFO  com.cishu.weblogweb.WeblogWebApplication - The following profiles are active: prod
2025-05-19 11:17:10.658 [main] INFO  o.s.boot.web.embedded.tomcat.TomcatWebServer - Tomcat initialized with port(s): 8080 (http)
2025-05-19 11:17:10.659 [main] INFO  org.apache.catalina.core.AprLifecycleListener - Loaded Apache Tomcat Native library [1.3.1] using APR version [1.7.4].
2025-05-19 11:17:10.660 [main] INFO  org.apache.catalina.core.AprLifecycleListener - APR capabilities: IPv6 [true], sendfile [true], accept filters [false], random [true], UDS [true].
2025-05-19 11:17:10.661 [main] INFO  org.apache.catalina.core.AprLifecycleListener - APR/OpenSSL configuration: useAprConnector [false], useOpenSSL [true]
2025-05-19 11:17:10.663 [main] INFO  org.apache.catalina.core.AprLifecycleListener - OpenSSL successfully initialized [OpenSSL 3.0.14 4 Jun 2024]
2025-05-19 11:17:10.669 [main] INFO  org.apache.catalina.core.StandardService - Starting service [Tomcat]
2025-05-19 11:17:10.669 [main] INFO  org.apache.catalina.core.StandardEngine - Starting Servlet engine: [Apache Tomcat/9.0.56]
2025-05-19 11:17:10.719 [main] INFO  o.a.c.core.ContainerBase.[Tomcat].[localhost].[/] - Initializing Spring embedded WebApplicationContext
2025-05-19 11:17:10.719 [main] INFO  o.s.b.w.s.c.ServletWebServerApplicationContext - Root WebApplicationContext: initialization completed in 540 ms
2025-05-19 11:17:10.951 [main] INFO  o.s.boot.web.embedded.tomcat.TomcatWebServer - Tomcat started on port(s): 8080 (http) with context path ''
2025-05-19 11:17:10.958 [main] INFO  com.cishu.weblogweb.WeblogWebApplication - Started WeblogWebApplication in 1.082 seconds (JVM running for 1.629)
2025-05-19 11:17:56.399 [main] INFO  com.cishu.weblogweb.WeblogWebApplicationTests - Starting WeblogWebApplicationTests using Java 1.8.0_411 on power with PID 37128 (started by 21930 in E:\2025-code\ProjectPractice\weblog\weblog-springboot\weblog-web)
2025-05-19 11:17:56.399 [main] INFO  com.cishu.weblogweb.WeblogWebApplicationTests - The following profiles are active: prod
2025-05-19 11:17:57.405 [main] INFO  com.cishu.weblogweb.WeblogWebApplicationTests - Started WeblogWebApplicationTests in 1.366 seconds (JVM running for 2.101)
2025-05-19 11:17:57.539 [main] INFO  com.cishu.weblogweb.WeblogWebApplicationTests - 这是一行 Info 级别日志
2025-05-19 11:17:57.539 [main] WARN  com.cishu.weblogweb.WeblogWebApplicationTests - 这是一行 Warn 级别日志
2025-05-19 11:17:57.539 [main] ERROR com.cishu.weblogweb.WeblogWebApplicationTests - 这是一行 Error 级别日志
2025-05-19 11:17:57.539 [main] INFO  com.cishu.weblogweb.WeblogWebApplicationTests - 这是一行带有占位符日志，作者：辞树
[TraceId: ] 2025-05-19 15:33:43.540 [main] INFO  com.cishu.weblog.web.WeblogWebApplication - Starting WeblogWebApplication using Java 1.8.0_411 on power with PID 27020 (E:\2025-code\ProjectPractice\weblog\weblog-springboot\weblog-web\target\classes started by 21930 in E:\2025-code\ProjectPractice\weblog\weblog-springboot)
[TraceId: ] 2025-05-19 15:33:43.543 [main] INFO  com.cishu.weblog.web.WeblogWebApplication - The following profiles are active: prod
[TraceId: ] 2025-05-19 15:33:44.150 [main] INFO  o.s.boot.web.embedded.tomcat.TomcatWebServer - Tomcat initialized with port(s): 8080 (http)
[TraceId: ] 2025-05-19 15:33:44.150 [main] INFO  org.apache.catalina.core.AprLifecycleListener - Loaded Apache Tomcat Native library [1.3.1] using APR version [1.7.4].
[TraceId: ] 2025-05-19 15:33:44.150 [main] INFO  org.apache.catalina.core.AprLifecycleListener - APR capabilities: IPv6 [true], sendfile [true], accept filters [false], random [true], UDS [true].
[TraceId: ] 2025-05-19 15:33:44.150 [main] INFO  org.apache.catalina.core.AprLifecycleListener - APR/OpenSSL configuration: useAprConnector [false], useOpenSSL [true]
[TraceId: ] 2025-05-19 15:33:44.153 [main] INFO  org.apache.catalina.core.AprLifecycleListener - OpenSSL successfully initialized [OpenSSL 3.0.14 4 Jun 2024]
[TraceId: ] 2025-05-19 15:33:44.160 [main] INFO  org.apache.catalina.core.StandardService - Starting service [Tomcat]
[TraceId: ] 2025-05-19 15:33:44.160 [main] INFO  org.apache.catalina.core.StandardEngine - Starting Servlet engine: [Apache Tomcat/9.0.56]
[TraceId: ] 2025-05-19 15:33:44.205 [main] INFO  o.a.c.core.ContainerBase.[Tomcat].[localhost].[/] - Initializing Spring embedded WebApplicationContext
[TraceId: ] 2025-05-19 15:33:44.205 [main] INFO  o.s.b.w.s.c.ServletWebServerApplicationContext - Root WebApplicationContext: initialization completed in 634 ms
[TraceId: ] 2025-05-19 15:33:44.460 [main] INFO  o.s.boot.web.embedded.tomcat.TomcatWebServer - Tomcat started on port(s): 8080 (http) with context path ''
[TraceId: ] 2025-05-19 15:33:44.468 [main] INFO  com.cishu.weblog.web.WeblogWebApplication - Started WeblogWebApplication in 1.243 seconds (JVM running for 1.895)
[TraceId: ] 2025-05-19 15:34:01.328 [http-nio-8080-exec-1] INFO  o.a.c.core.ContainerBase.[Tomcat].[localhost].[/] - Initializing Spring DispatcherServlet 'dispatcherServlet'
[TraceId: ] 2025-05-19 15:34:01.328 [http-nio-8080-exec-1] INFO  org.springframework.web.servlet.DispatcherServlet - Initializing Servlet 'dispatcherServlet'
[TraceId: ] 2025-05-19 15:34:01.329 [http-nio-8080-exec-1] INFO  org.springframework.web.servlet.DispatcherServlet - Completed initialization in 1 ms
[TraceId: 951a7847-c0d3-4ca9-a9bd-d4b24b8f2e3a] 2025-05-19 15:34:01.447 [http-nio-8080-exec-1] INFO  c.cishu.weblog.common.aspect.ApiOperationLogAspect - ====== 请求开始: [测试接口], 入参: {"username":"辞树","sex":1}, 请求类: TestController, 请求方法: test =================================== 
[TraceId: 951a7847-c0d3-4ca9-a9bd-d4b24b8f2e3a] 2025-05-19 15:34:01.456 [http-nio-8080-exec-1] INFO  c.cishu.weblog.common.aspect.ApiOperationLogAspect - ====== 请求结束: [测试接口], 耗时: 20ms, 出参: {"username":"辞树","sex":1} =================================== 
